function saveHighScore(score) {
    const name = playerNameInput.value.trim();
    if (name === "") {
        alert('Por favor, digite seu nome antes de salvar o recorde.');
        return;
    }

    const data = new FormData();
    data.append('nome', name);
    data.append('pontuacao', score);

    fetch('salvarRecordes.php', {
        method: 'POST',
        body: data
    })
    .then(response => response.text())
    .then(result => {
        console.log(result);  // Verifique o que o servidor retorna
        alert(result);
    })
    .catch(error => {
        console.error('Erro ao salvar o recorde:', error);
    });
}
